<?xml version="1.0" encoding="UTF-8" standalone="no"?>
<!DOCTYPE log SYSTEM "logger.dtd">
<log>
<record>
  <date>2018-09-10T16:11:08.898-0300</date>
  <logger>LUANA BARBOSA DE MELO</logger>
  <level>FINE</level>
  <message>File 117210906-LUANA BARBOSA DE MELO.zip was received. It was sent by LUANA BARBOSA DE MELO from IP 150.165.42.174</message>
</record>
</log>
<?xml version="1.0" encoding="UTF-8" standalone="no"?>
<!DOCTYPE log SYSTEM "logger.dtd">
<log>
<record>
  <date>2018-09-10T16:12:20.378-0300</date>
  <logger>LUANA BARBOSA DE MELO</logger>
  <level>FINE</level>
  <message>File 117210906-LUANA BARBOSA DE MELO.zip was received. It was sent by LUANA BARBOSA DE MELO from IP 150.165.42.174</message>
</record>
</log>
<?xml version="1.0" encoding="UTF-8" standalone="no"?>
<!DOCTYPE log SYSTEM "logger.dtd">
<log>
<record>
  <date>2018-09-10T17:32:58.389-0300</date>
  <logger>LUANA BARBOSA DE MELO</logger>
  <level>FINE</level>
  <message>File 117210906-LUANA BARBOSA DE MELO.zip was received. It was sent by LUANA BARBOSA DE MELO from IP 150.165.42.174</message>
</record>
